
* * * * * * * * * * * * * * * * * * * * * * * * *
*                                               *
*                                               *
*                                               *
*                ehixs                          *
*                                               *
*                version 1.0                    *
*                                               *
*                                               *
* * * * * * * * * * * * * * * * * * * * * * * * *


[ehixs] command line args: ../cmake_builds/ehixs -i /Users/lazopolis/my_code/ehixs/run/higgs.card -s 5 --output_filename /Users/lazopolis/my_code/ehixs/run/higgs_pt_25_40/S5.data 
command line option: input_filename set to /Users/lazopolis/my_code/ehixs/run/higgs.card

 having recognised option Etot in runcard, with value : 13000
 having recognised option muf_over_mhiggs in runcard, with value : 0.3
 having recognised option mur_over_mhiggs in runcard, with value : 0.3
 having recognised option production in runcard, with value : ggF
 having recognised option Fleft in runcard, with value : gluon
 having recognised option Fright in runcard, with value : gluon
 having recognised option m_higgs in runcard, with value : 125.0
 having recognised option rr_treatment in runcard, with value : split
 having recognised option qcd_perturbative_order in runcard, with value : NLO
 having recognised option histogram in runcard, with value : [HistogramHiggsPt,1,25.0,40.0]
 having recognised option epsrel in runcard, with value : 0.00001
 having recognised option epsabs in runcard, with value : 0.1
 having recognised option nstart in runcard, with value : 30000
 having recognised option mineval in runcard, with value : 10000
 having recognised option nincrease in runcard, with value : 3000
 having recognised option maxeval in runcard, with value : 500000000
*************parsing the cut 

*************parsing the histogram 

 value = [HistogramHiggsPt,1,25.0,40.0]
 histogram name = HistogramHiggsPt
rest of string = 1,25.0,40.0]
values : 1 | 25.0 | 40.0 | 
 new histogram : HistogramHiggsPt : [25,40] with 1 bins.
------------------------ new Process

-----------------------------------------------------------------UI options:

Etot : 13000
m_higgs : 125
epsrel : 1e-05
epsabs : 0.1
muf_over_mhiggs : 0.3
mur_over_mhiggs : 0.3
number_of_flavours : 5
production : ggF
decay : 
pdf_provider : MSTW
sector_name : none
sector_for_production : 5
input_filename : /Users/lazopolis/my_code/ehixs/run/higgs.card
output_filename : /Users/lazopolis/my_code/ehixs/run/higgs_pt_25_40/S5.data
matrix_element_approximation : effective
Fleft : gluon
Fright : gluon
leptonic_decay_mode_in_wwzz : none
xml_info : none
qcd_perturbative_order : NLO
rr_treatment : split
verbose : 2
mineval : 10000
maxeval : 500000000
nstart : 30000
nincrease : 3000
perturbative_order : 2
alpha_s_power : -1
pole : 0
decay_sector : -1
alpha_ew_power : -1
sector_control : 0
requested_histogram : -1
requested_cut : -1
info : 0
histogram_info : 0
cut_info : 0
list_processes : 0
help : 0
show_me_list : 0
pdf_error : 0
ew_soft : 0
ew_h_plus_j : 0
only_ew_h_j : 0
dummy_process : 0
cut :  : 
histogram :  : [0,100] with 20 bins.
-----------------------------------------------------------------

 new histogram added : HistogramHiggsPt [25,40] with 2 bins!

[HistogramBox] : number of histograms requested = 1
Process initiated with production ggF

[Production] : setting up luminosity
Luminosity : setting up PDFHub
[PDFHub::PDFHub] Attempting init of 'MSTW' pdf at O(as^2) ,error='0'

[PDFHub] : initializing MSTW2008nnlo68cl

[PDFHub] : pdf_error is 0
: Success [1] sets!
[Production] : consolidating Model
[Production] : setting up scales and Etot
top quark evolution: msbar scheme : evolved from m(163.7)=163.7 -> m(37.5)=186.312

bottom quark evolution: msbar scheme : evolved from m(10)=3.63 -> m(37.5)=3.11179

W quark evolution: on-shell scheme, no evolution. 

Z quark evolution: on-shell scheme, no evolution. 

[model] gw, sw^2, cw: (0.653097,0) (0.222549,-0) (0.881732,0) 1.16637e-05
[model] mw = 80.403
[model] gw_up for W (0.426536,0)
[model] gw_up for Z (0.159827,0)
[GluonFusion] : setting up sectors

 hello before Parse

[GluonFusion] : finding sector

[GluonFusionSectorBox] : looking for necessary sectors

[GluonFusionSectorBox] : 8 sectors matched
===> dim_of_integration = 4
[CPDF::CPDF] interpolating pdf ('0,0, n_as = 0 n_eps = 0
: READING FROM FILE ../pdf_cache/MSTW2008nnlo68cl_0_0_0_0_0_37.5_37.5_5

----------------------------------
	SECTOR "F_gluon_from_gluon_00(*)F_gluon_from_gluon_00(*)(c0^2 a^2)(*)(1)(*)(1)(*)S(gluon,gluon,H,a_s^1,a_w^0,e^0 ,dim=4) : a_s^3,a_w^0,e^0"
----------------------------------


a_s used = 0.135127	^3(a/Pi)^3 = 7.95754e-05
Setting production

[TheHatch] new Vegas variable requested. Number of Vegas variables now = 1

[TheHatch] new Vegas variable requested. Number of Vegas variables now = 2

[TheHatch] new Vegas variable requested. Number of Vegas variables now = 3

[TheHatch] new Vegas variable requested. Number of Vegas variables now = 4

==>dim_of_integration in Production::init_base = 4
==> in the_hatch : 4No decay specified

number_of_components = 1-------------------- Vegas  --------------------
Vegas input parameters:
  ndim 4
  ncomp 1
  epsrel 1e-05
  epsabs 0.1
  flags 2
  seed 0
  mineval 10000
  maxeval 500000000
  nstart 30000
  nincrease 3000
  nbatch 10
  gridno 0
  statefile "(null)"


<histogram> HistogramHiggsPt
#      bin     |     sigma    |  error   |    % error |    chi^2 /   dof   |  # of points 
#------------------------------------------------------------------------------------------
[   25,    40] |            0 |        0 |      nan % |          nan /   1 |      0 points
[  overflow  ] |            0 |        0 |      nan % |          nan /   1 |      0 points
total binned = 0
</histogram>

Iteration 1:  30000 integrand evaluations so far
[1] 10.999 +- 0.105404  	chisq 0 (0 df)


<histogram> HistogramHiggsPt
#      bin     |     sigma    |  error   |    % error |    chi^2 /   dof   |  # of points 
#------------------------------------------------------------------------------------------
[   25,    40] |         4.35 |     0.32 |    7.367 % |          nan /   1 |   8710 points
[  overflow  ] |        6.649 |     0.34 |      5.1 % |          nan /   1 | 351290 points
total binned = 4.35
</histogram>

Iteration 2:  63000 integrand evaluations so far
[1] 10.9982 +- 0.0357393  	chisq 6.74834e-05 (1 df)
sigma = 11
error = 0.03574 
prob = 0.006554
total number of points = 62998

<histogram> HistogramHiggsPt
#      bin     |     sigma    |  error   |    % error |    chi^2 /   dof   |  # of points 
#------------------------------------------------------------------------------------------
[   25,    40] |        4.207 |     0.14 |    3.335 % |      0.01632 /   2 |  14928 points
[  overflow  ] |        6.791 |     0.15 |    2.184 % |      0.01521 /   2 | 741072 points
total binned = 4.207
</histogram>

 writing output at /Users/lazopolis/my_code/ehixs/run/higgs_pt_25_40/S5.data

output written in /Users/lazopolis/my_code/ehixs/run/higgs_pt_25_40/S5.data
Total running time  = 1.691 s
