
* * * * * * * * * * * * * * * * * * * * * * * * *
*                                               *
*                                               *
*                                               *
*                ehixs                          *
*                                               *
*                version 1.0                    *
*                                               *
*                                               *
* * * * * * * * * * * * * * * * * * * * * * * * *


[ehixs] command line args: ../cmake_builds/ehixs -i /Users/lazopolis/my_code/ehixs/run/higgs.card -s 5 --output_filename /Users/lazopolis/my_code/ehixs/run/higgs_pt_total/S5.data 
command line option: input_filename set to /Users/lazopolis/my_code/ehixs/run/higgs.card

 having recognised option Etot in runcard, with value : 13000
 having recognised option muf_over_mhiggs in runcard, with value : 0.5
 having recognised option mur_over_mhiggs in runcard, with value : 0.5
 having recognised option production in runcard, with value : ggF
 having recognised option Fleft in runcard, with value : gluon
 having recognised option Fright in runcard, with value : gluon
 having recognised option m_higgs in runcard, with value : 125.0
 having recognised option rr_treatment in runcard, with value : split
 having recognised option qcd_perturbative_order in runcard, with value : NLO
 having recognised option histogram in runcard, with value : [HistogramHiggsPt,44,0.0,220.0]
 having recognised option epsrel in runcard, with value : 0.00001
 having recognised option epsabs in runcard, with value : 0.1
 having recognised option nstart in runcard, with value : 30000
 having recognised option mineval in runcard, with value : 10000
 having recognised option nincrease in runcard, with value : 3000
 having recognised option maxeval in runcard, with value : 500000000
*************parsing the cut 

*************parsing the histogram 

 value = [HistogramHiggsPt,44,0.0,220.0]
 histogram name = HistogramHiggsPt
rest of string = 44,0.0,220.0]
values : 44 | 0.0 | 220.0 | 
 new histogram : HistogramHiggsPt : [0,220] with 44 bins.
------------------------ new Process

-----------------------------------------------------------------UI options:

Etot : 13000
m_higgs : 125
epsrel : 1e-05
epsabs : 0.1
muf_over_mhiggs : 0.5
mur_over_mhiggs : 0.5
number_of_flavours : 5
production : ggF
decay : 
pdf_provider : MSTW
sector_name : none
sector_for_production : 5
input_filename : /Users/lazopolis/my_code/ehixs/run/higgs.card
output_filename : /Users/lazopolis/my_code/ehixs/run/higgs_pt_total/S5.data
matrix_element_approximation : effective
Fleft : gluon
Fright : gluon
leptonic_decay_mode_in_wwzz : none
xml_info : none
qcd_perturbative_order : NLO
rr_treatment : split
verbose : 2
mineval : 10000
maxeval : 500000000
nstart : 30000
nincrease : 3000
perturbative_order : 2
alpha_s_power : -1
pole : 0
decay_sector : -1
alpha_ew_power : -1
sector_control : 0
requested_histogram : -1
requested_cut : -1
info : 0
histogram_info : 0
cut_info : 0
list_processes : 0
help : 0
show_me_list : 0
pdf_error : 0
ew_soft : 0
ew_h_plus_j : 0
only_ew_h_j : 0
dummy_process : 0
cut :  : 
histogram :  : [0,100] with 20 bins.
-----------------------------------------------------------------

 new histogram added : HistogramHiggsPt [0,220] with 45 bins!

[HistogramBox] : number of histograms requested = 1
Process initiated with production ggF

[Production] : setting up luminosity
Luminosity : setting up PDFHub
[PDFHub::PDFHub] Attempting init of 'MSTW' pdf at O(as^2) ,error='0'

[PDFHub] : initializing MSTW2008nnlo68cl

[PDFHub] : pdf_error is 0
: Success [1] sets!
[Production] : consolidating Model
[Production] : setting up scales and Etot
top quark evolution: msbar scheme : evolved from m(163.7)=163.7 -> m(62.5)=177.451

bottom quark evolution: msbar scheme : evolved from m(10)=3.63 -> m(62.5)=2.96379

W quark evolution: on-shell scheme, no evolution. 

Z quark evolution: on-shell scheme, no evolution. 

[model] gw, sw^2, cw: (0.653097,0) (0.222549,-0) (0.881732,0) 1.16637e-05
[model] mw = 80.403
[model] gw_up for W (0.426536,0)
[model] gw_up for Z (0.159827,0)
[GluonFusion] : setting up sectors

 hello before Parse

[GluonFusion] : finding sector

[GluonFusionSectorBox] : looking for necessary sectors

[GluonFusionSectorBox] : 8 sectors matched
===> dim_of_integration = 4
[CPDF::CPDF] interpolating pdf ('0,0, n_as = 0 n_eps = 0
: READING FROM FILE ../pdf_cache/MSTW2008nnlo68cl_0_0_0_0_0_62.5_62.5_5

----------------------------------
	SECTOR "F_gluon_from_gluon_00(*)F_gluon_from_gluon_00(*)(c0^2 a^2)(*)(1)(*)(1)(*)S(gluon,gluon,H,a_s^1,a_w^0,e^0 ,dim=4) : a_s^3,a_w^0,e^0"
----------------------------------


a_s used = 0.124105	^3(a/Pi)^3 = 6.16482e-05
Setting production

[TheHatch] new Vegas variable requested. Number of Vegas variables now = 1

[TheHatch] new Vegas variable requested. Number of Vegas variables now = 2

[TheHatch] new Vegas variable requested. Number of Vegas variables now = 3

[TheHatch] new Vegas variable requested. Number of Vegas variables now = 4

==>dim_of_integration in Production::init_base = 4
==> in the_hatch : 4No decay specified

number_of_components = 1-------------------- Vegas  --------------------
Vegas input parameters:
  ndim 4
  ncomp 1
  epsrel 1e-05
  epsabs 0.1
  flags 2
  seed 0
  mineval 10000
  maxeval 500000000
  nstart 30000
  nincrease 3000
  nbatch 10
  gridno 0
  statefile "(null)"


<histogram> HistogramHiggsPt
#      bin     |     sigma    |  error   |    % error |    chi^2 /   dof   |  # of points 
#------------------------------------------------------------------------------------------
[    0,     5] |            0 |        0 |      nan % |          nan /   1 |      0 points
[    5,    10] |            0 |        0 |      nan % |          nan /   1 |      0 points
[   10,    15] |            0 |        0 |      nan % |          nan /   1 |      0 points
[   15,    20] |            0 |        0 |      nan % |          nan /   1 |      0 points
[   20,    25] |            0 |        0 |      nan % |          nan /   1 |      0 points
[   25,    30] |            0 |        0 |      nan % |          nan /   1 |      0 points
[   30,    35] |            0 |        0 |      nan % |          nan /   1 |      0 points
[   35,    40] |            0 |        0 |      nan % |          nan /   1 |      0 points
[   40,    45] |            0 |        0 |      nan % |          nan /   1 |      0 points
[   45,    50] |            0 |        0 |      nan % |          nan /   1 |      0 points
[   50,    55] |            0 |        0 |      nan % |          nan /   1 |      0 points
[   55,    60] |            0 |        0 |      nan % |          nan /   1 |      0 points
[   60,    65] |            0 |        0 |      nan % |          nan /   1 |      0 points
[   65,    70] |            0 |        0 |      nan % |          nan /   1 |      0 points
[   70,    75] |            0 |        0 |      nan % |          nan /   1 |      0 points
[   75,    80] |            0 |        0 |      nan % |          nan /   1 |      0 points
[   80,    85] |            0 |        0 |      nan % |          nan /   1 |      0 points
[   85,    90] |            0 |        0 |      nan % |          nan /   1 |      0 points
[   90,    95] |            0 |        0 |      nan % |          nan /   1 |      0 points
[   95,   100] |            0 |        0 |      nan % |          nan /   1 |      0 points
[  100,   105] |            0 |        0 |      nan % |          nan /   1 |      0 points
[  105,   110] |            0 |        0 |      nan % |          nan /   1 |      0 points
[  110,   115] |            0 |        0 |      nan % |          nan /   1 |      0 points
[  115,   120] |            0 |        0 |      nan % |          nan /   1 |      0 points
[  120,   125] |            0 |        0 |      nan % |          nan /   1 |      0 points
[  125,   130] |            0 |        0 |      nan % |          nan /   1 |      0 points
[  130,   135] |            0 |        0 |      nan % |          nan /   1 |      0 points
[  135,   140] |            0 |        0 |      nan % |          nan /   1 |      0 points
[  140,   145] |            0 |        0 |      nan % |          nan /   1 |      0 points
[  145,   150] |            0 |        0 |      nan % |          nan /   1 |      0 points
[  150,   155] |            0 |        0 |      nan % |          nan /   1 |      0 points
[  155,   160] |            0 |        0 |      nan % |          nan /   1 |      0 points
[  160,   165] |            0 |        0 |      nan % |          nan /   1 |      0 points
[  165,   170] |            0 |        0 |      nan % |          nan /   1 |      0 points
[  170,   175] |            0 |        0 |      nan % |          nan /   1 |      0 points
[  175,   180] |            0 |        0 |      nan % |          nan /   1 |      0 points
[  180,   185] |            0 |        0 |      nan % |          nan /   1 |      0 points
[  185,   190] |            0 |        0 |      nan % |          nan /   1 |      0 points
[  190,   195] |            0 |        0 |      nan % |          nan /   1 |      0 points
[  195,   200] |            0 |        0 |      nan % |          nan /   1 |      0 points
[  200,   205] |            0 |        0 |      nan % |          nan /   1 |      0 points
[  205,   210] |            0 |        0 |      nan % |          nan /   1 |      0 points
[  210,   215] |            0 |        0 |      nan % |          nan /   1 |      0 points
[  215,   220] |            0 |        0 |      nan % |          nan /   1 |      0 points
[  overflow  ] |            0 |        0 |      nan % |          nan /   1 |      0 points
total binned = 0
</histogram>

Iteration 1:  30000 integrand evaluations so far
[1] 11.512 +- 0.102845  	chisq 0 (0 df)


<histogram> HistogramHiggsPt
#      bin     |     sigma    |  error   |    % error |    chi^2 /   dof   |  # of points 
#------------------------------------------------------------------------------------------
[    0,     5] |       -16.71 |      0.7 |    4.203 % |          nan /   1 | 306742 points
[    5,    10] |        9.694 |     0.49 |    5.021 % |          nan /   1 |   5632 points
[   10,    15] |        4.588 |     0.27 |    5.993 % |          nan /   1 |   4866 points
[   15,    20] |        2.902 |     0.21 |    7.353 % |          nan /   1 |   4198 points
[   20,    25] |        2.125 |     0.27 |    12.51 % |          nan /   1 |   3698 points
[   25,    30] |        1.567 |     0.22 |    13.92 % |          nan /   1 |   3236 points
[   30,    35] |         1.04 |    0.071 |    6.845 % |          nan /   1 |   2908 points
[   35,    40] |       0.8186 |    0.059 |    7.201 % |          nan /   1 |   2566 points
[   40,    45] |        0.718 |     0.11 |    15.63 % |          nan /   1 |   2260 points
[   45,    50] |       0.5418 |    0.044 |    8.137 % |          nan /   1 |   2020 points
[   50,    55] |       0.4953 |    0.056 |    11.32 % |          nan /   1 |   1780 points
[   55,    60] |       0.4113 |    0.041 |    9.945 % |          nan /   1 |   1618 points
[   60,    65] |       0.3519 |    0.042 |    11.86 % |          nan /   1 |   1486 points
[   65,    70] |       0.2794 |    0.027 |    9.808 % |          nan /   1 |   1288 points
[   70,    75] |       0.2554 |    0.026 |    10.37 % |          nan /   1 |   1188 points
[   75,    80] |       0.2118 |    0.021 |    10.05 % |          nan /   1 |   1062 points
[   80,    85] |       0.2167 |    0.031 |    14.24 % |          nan /   1 |    950 points
[   85,    90] |       0.1441 |    0.012 |     8.17 % |          nan /   1 |    888 points
[   90,    95] |       0.2168 |     0.04 |    18.38 % |          nan /   1 |    810 points
[   95,   100] |       0.1468 |    0.019 |    13.03 % |          nan /   1 |    706 points
[  100,   105] |       0.1106 |    0.012 |    10.93 % |          nan /   1 |    646 points
[  105,   110] |       0.1124 |    0.014 |    12.15 % |          nan /   1 |    596 points
[  110,   115] |      0.09092 |    0.011 |    12.22 % |          nan /   1 |    550 points
[  115,   120] |      0.08495 |    0.011 |    13.17 % |          nan /   1 |    502 points
[  120,   125] |      0.09303 |    0.015 |    15.95 % |          nan /   1 |    474 points
[  125,   130] |      0.07232 |    0.011 |    14.87 % |          nan /   1 |    414 points
[  130,   135] |      0.05415 |   0.0065 |    12.01 % |          nan /   1 |    398 points
[  135,   140] |      0.07686 |    0.014 |    18.15 % |          nan /   1 |    364 points
[  140,   145] |      0.05887 |     0.01 |    17.03 % |          nan /   1 |    316 points
[  145,   150] |      0.05221 |   0.0093 |    17.74 % |          nan /   1 |    324 points
[  150,   155] |      0.04479 |   0.0072 |    15.98 % |          nan /   1 |    298 points
[  155,   160] |      0.04312 |   0.0066 |    15.23 % |          nan /   1 |    254 points
[  160,   165] |      0.03848 |    0.011 |    28.44 % |          nan /   1 |    240 points
[  165,   170] |      0.03766 |    0.006 |    15.87 % |          nan /   1 |    242 points
[  170,   175] |      0.02787 |   0.0059 |    21.09 % |          nan /   1 |    206 points
[  175,   180] |      0.03236 |    0.006 |    18.59 % |          nan /   1 |    182 points
[  180,   185] |       0.0371 |    0.011 |    28.99 % |          nan /   1 |    212 points
[  185,   190] |      0.02138 |   0.0039 |    18.17 % |          nan /   1 |    168 points
[  190,   195] |      0.02313 |   0.0042 |    18.06 % |          nan /   1 |    162 points
[  195,   200] |       0.0221 |   0.0045 |    20.29 % |          nan /   1 |    164 points
[  200,   205] |      0.01893 |    0.004 |    21.29 % |          nan /   1 |    140 points
[  205,   210] |      0.01485 |   0.0034 |    23.18 % |          nan /   1 |    120 points
[  210,   215] |      0.02479 |   0.0068 |    27.39 % |          nan /   1 |    134 points
[  215,   220] |      0.02274 |   0.0055 |    24.03 % |          nan /   1 |    136 points
[  overflow  ] |       0.2864 |    0.014 |    5.001 % |          nan /   1 |   2856 points
total binned = 11.23
</histogram>

Iteration 2:  63000 integrand evaluations so far
[1] 11.5106 +- 0.0355544  	chisq 0.000224179 (1 df)
sigma = 11.51
error = 0.03555 
prob = 0.01195
total number of points = 62998

<histogram> HistogramHiggsPt
#      bin     |     sigma    |  error   |    % error |    chi^2 /   dof   |  # of points 
#------------------------------------------------------------------------------------------
[    0,     5] |       -17.43 |     0.55 |    3.176 % |        4.975 /   2 | 654172 points
[    5,    10] |        10.18 |     0.42 |    4.123 % |        9.386 /   2 |  13838 points
[   10,    15] |        4.641 |     0.19 |    3.988 % |      0.02125 /   2 |  10538 points
[   15,    20] |        2.954 |     0.13 |    4.522 % |       0.0171 /   2 |   8440 points
[   20,    25] |        2.041 |     0.12 |     5.75 % |     0.007112 /   2 |   7048 points
[   25,    30] |        1.436 |    0.084 |    5.872 % |      0.01255 /   2 |   5972 points
[   30,    35] |        1.042 |    0.048 |    4.616 % |    8.533e-05 /   2 |   5248 points
[   35,    40] |       0.8276 |    0.042 |    5.066 % |      0.00408 /   2 |   4460 points
[   40,    45] |       0.7435 |    0.055 |    7.402 % |     0.002366 /   2 |   3924 points
[   45,    50] |       0.5659 |    0.031 |    5.513 % |      0.03766 /   2 |   3436 points
[   50,    55] |       0.4725 |    0.029 |     6.23 % |     0.005096 /   2 |   3028 points
[   55,    60] |        0.427 |    0.028 |    6.445 % |      0.01228 /   2 |   2736 points
[   60,    65] |       0.3197 |    0.022 |     6.87 % |       0.0139 /   2 |   2462 points
[   65,    70] |       0.2852 |    0.019 |     6.64 % |     0.002992 /   2 |   2208 points
[   70,    75] |       0.2433 |    0.017 |    6.894 % |     0.007767 /   2 |   2006 points
[   75,    80] |       0.2274 |    0.016 |    7.206 % |      0.06301 /   2 |   1820 points
[   80,    85] |       0.2143 |    0.018 |    8.356 % |     0.000172 /   2 |   1646 points
[   85,    90] |       0.1531 |   0.0098 |    6.394 % |      0.08459 /   2 |   1514 points
[   90,    95] |       0.1587 |    0.016 |    9.948 % |      0.01483 /   2 |   1372 points
[   95,   100] |       0.1433 |    0.011 |    7.975 % |    0.0006523 /   2 |   1258 points
[  100,   105] |       0.1152 |    0.009 |    7.804 % |     0.007099 /   2 |   1122 points
[  105,   110] |      0.09915 |   0.0079 |    8.008 % |      0.01149 /   2 |   1030 points
[  110,   115] |       0.1015 |   0.0092 |    9.114 % |        0.122 /   2 |    990 points
[  115,   120] |        0.092 |    0.008 |    8.736 % |      0.01408 /   2 |    924 points
[  120,   125] |      0.06807 |   0.0072 |    10.55 % |      0.01622 /   2 |    798 points
[  125,   130] |      0.08223 |   0.0082 |    9.921 % |      0.04429 /   2 |    766 points
[  130,   135] |      0.05714 |   0.0047 |    8.295 % |     0.004854 /   2 |    734 points
[  135,   140] |      0.06294 |   0.0068 |     10.8 % |     0.005537 /   2 |    648 points
[  140,   145] |      0.04706 |   0.0048 |    10.16 % |     0.005047 /   2 |    592 points
[  145,   150] |      0.06027 |   0.0069 |    11.47 % |      0.02966 /   2 |    614 points
[  150,   155] |      0.04714 |   0.0053 |    11.25 % |     0.003086 /   2 |    522 points
[  155,   160] |      0.04212 |   0.0043 |    10.21 % |    0.0002599 /   2 |    486 points
[  160,   165] |       0.0352 |   0.0058 |    16.37 % |    0.0005501 /   2 |    436 points
[  165,   170] |      0.04081 |   0.0044 |    10.78 % |     0.006263 /   2 |    470 points
[  170,   175] |      0.02915 |   0.0038 |    13.17 % |    0.0004723 /   2 |    374 points
[  175,   180] |      0.03214 |   0.0039 |    12.25 % |     1.31e-05 /   2 |    380 points
[  180,   185] |      0.03671 |   0.0058 |    15.86 % |    8.915e-06 /   2 |    378 points
[  185,   190] |      0.02466 |   0.0032 |    13.17 % |      0.03528 /   2 |    346 points
[  190,   195] |      0.02494 |   0.0035 |    14.17 % |      0.01185 /   2 |    298 points
[  195,   200] |       0.0194 |   0.0025 |    12.84 % |     0.001168 /   2 |    304 points
[  200,   205] |      0.01879 |   0.0024 |    13.02 % |    5.778e-06 /   2 |    268 points
[  205,   210] |      0.01712 |   0.0026 |    15.11 % |     0.006687 /   2 |    248 points
[  210,   215] |      0.02046 |    0.003 |    14.66 % |    0.0007327 /   2 |    258 points
[  215,   220] |       0.0224 |   0.0037 |    16.32 % |    4.223e-05 /   2 |    260 points
[  overflow  ] |        0.285 |   0.0091 |    3.195 % |     0.000195 /   2 |   5628 points
total binned = 10.84
</histogram>

 writing output at /Users/lazopolis/my_code/ehixs/run/higgs_pt_total/S5.data

output written in /Users/lazopolis/my_code/ehixs/run/higgs_pt_total/S5.data
Total running time  = 1.782 s
