
* * * * * * * * * * * * * * * * * * * * * * * * *
*                                               *
*                                               *
*                                               *
*                ehixs                          *
*                                               *
*                version 1.0                    *
*                                               *
*                                               *
* * * * * * * * * * * * * * * * * * * * * * * * *


[ehixs] command line args: ../cmake_builds/ehixs --info -i/Users/lazopolis/my_code/ehixs/run/higgs.card --xml_info /Users/lazopolis/my_code/ehixs/run/higgs_pt_10_25/xml_info.out 
command line option: info set to true
command line option: input_filename set to /Users/lazopolis/my_code/ehixs/run/higgs.card

 having recognised option Etot in runcard, with value : 13000
 having recognised option muf_over_mhiggs in runcard, with value : 0.2
 having recognised option mur_over_mhiggs in runcard, with value : 0.2
 having recognised option production in runcard, with value : ggF
 having recognised option Fleft in runcard, with value : gluon
 having recognised option Fright in runcard, with value : gluon
 having recognised option m_higgs in runcard, with value : 125.0
 having recognised option rr_treatment in runcard, with value : split
 having recognised option qcd_perturbative_order in runcard, with value : NLO
 having recognised option histogram in runcard, with value : [HistogramHiggsPt,1,10.0,25.0]
 having recognised option epsrel in runcard, with value : 0.00001
 having recognised option epsabs in runcard, with value : 0.1
 having recognised option nstart in runcard, with value : 30000
 having recognised option mineval in runcard, with value : 10000
 having recognised option nincrease in runcard, with value : 3000
 having recognised option maxeval in runcard, with value : 500000000
*************parsing the cut 

*************parsing the histogram 

 value = [HistogramHiggsPt,1,10.0,25.0]
 histogram name = HistogramHiggsPt
rest of string = 1,10.0,25.0]
values : 1 | 10.0 | 25.0 | 
 new histogram : HistogramHiggsPt : [10,25] with 1 bins.
------------------------ new Process

-----------------------------------------------------------------UI options:

Etot : 13000
m_higgs : 125
epsrel : 1e-05
epsabs : 0.1
muf_over_mhiggs : 0.2
mur_over_mhiggs : 0.2
number_of_flavours : 5
production : ggF
decay : 
pdf_provider : MSTW
sector_name : none
sector_for_production : none
input_filename : /Users/lazopolis/my_code/ehixs/run/higgs.card
output_filename : ehixs_output
matrix_element_approximation : effective
Fleft : gluon
Fright : gluon
leptonic_decay_mode_in_wwzz : none
xml_info : /Users/lazopolis/my_code/ehixs/run/higgs_pt_10_25/xml_info.out
qcd_perturbative_order : NLO
rr_treatment : split
verbose : 2
mineval : 10000
maxeval : 500000000
nstart : 30000
nincrease : 3000
perturbative_order : 2
alpha_s_power : -1
pole : 0
decay_sector : -1
alpha_ew_power : -1
sector_control : 0
requested_histogram : -1
requested_cut : -1
info : 1
histogram_info : 0
cut_info : 0
list_processes : 0
help : 0
show_me_list : 0
pdf_error : 0
ew_soft : 0
ew_h_plus_j : 0
only_ew_h_j : 0
dummy_process : 0
cut :  : 
histogram :  : [0,100] with 20 bins.
-----------------------------------------------------------------

 new histogram added : HistogramHiggsPt [10,25] with 2 bins!

[HistogramBox] : number of histograms requested = 1
Process initiated with production ggF

[GluonFusion] : setting up sectors

 hello before Parse

[GluonFusionSectorBox] : looking for necessary sectors

[GluonFusionSectorBox] : 8 sectors matched

 Sectors that fit your selection criteria:

0 : F_gluon_from_gluon_00(*)F_gluon_from_gluon_00(*)(c0^2 a^2)(*)(1)(*)(1)(*)S(gluon,gluon,B,a_s^0,a_w^0,e^0 ,dim=2) : a_s^2,a_w^0,e^0
1 : F_gluon_from_gluon_00(*)F_gluon_from_gluon_00(*)(c0^2 a^2)(*)(a)*(2*b0*L)(*)(1)(*)S(gluon,gluon,B,a_s^0,a_w^0,e^0 ,dim=2) : a_s^3,a_w^0,e^0
2 : F_gluon_from_gluon_00(*)F_gluon_from_gluon_00(*)(2*c0*c1* a^3)(*)(1)(*)(1)(*)S(gluon,gluon,B,a_s^0,a_w^0,e^0 ,dim=2) : a_s^3,a_w^0,e^0
3 : F_gluon_from_gluon_00(*)F_gluon_from_gluon_00(*)(c0^2 a^2)(*)(a)*(-2*b0/e)(*)(1)(*)S(gluon,gluon,B,a_s^0,a_w^0,e^1 ,dim=2) : a_s^3,a_w^0,e^0
4 : F_gluon_from_gluon_00(*)F_gluon_from_gluon_00(*)(c0^2 a^2)(*)(1)(*)(1)(*)S(gluon,gluon,S,a_s^1,a_w^0,e^0 ,dim=2) : a_s^3,a_w^0,e^0
5 : F_gluon_from_gluon_00(*)F_gluon_from_gluon_00(*)(c0^2 a^2)(*)(1)(*)(1)(*)S(gluon,gluon,H,a_s^1,a_w^0,e^0 ,dim=4) : a_s^3,a_w^0,e^0
6 : F_gluon_from_gluon_00(*)F_gluon_from_gluon_11(*)(c0^2 a^2)(*)(1)(*)(1)(*)S(gluon,gluon,B,a_s^0,a_w^0,e^1 ,dim=2) : a_s^3,a_w^0,e^0
7 : F_gluon_from_gluon_11(*)F_gluon_from_gluon_00(*)(c0^2 a^2)(*)(1)(*)(1)(*)S(gluon,gluon,B,a_s^0,a_w^0,e^1 ,dim=2) : a_s^3,a_w^0,e^0

 number of Sectors defined : 8

You can run together the following sectors

 0 1 2
 3 6 7

 resulting to a total of 8->4
