
* * * * * * * * * * * * * * * * * * * * * * * * *
*                                               *
*                                               *
*                                               *
*                ehixs                          *
*                                               *
*                version 1.0                    *
*                                               *
*                                               *
* * * * * * * * * * * * * * * * * * * * * * * * *


[ehixs] command line args: ../cmake_builds/ehixs -i /Users/lazopolis/my_code/ehixs/run/higgs.card -s 6 --output_filename /Users/lazopolis/my_code/ehixs/run/higgs_pt_40_60/S6.data 
command line option: input_filename set to /Users/lazopolis/my_code/ehixs/run/higgs.card

 having recognised option Etot in runcard, with value : 13000
 having recognised option muf_over_mhiggs in runcard, with value : 0.4
 having recognised option mur_over_mhiggs in runcard, with value : 0.4
 having recognised option production in runcard, with value : ggF
 having recognised option Fleft in runcard, with value : gluon
 having recognised option Fright in runcard, with value : gluon
 having recognised option m_higgs in runcard, with value : 125.0
 having recognised option rr_treatment in runcard, with value : split
 having recognised option qcd_perturbative_order in runcard, with value : NLO
 having recognised option histogram in runcard, with value : [HistogramHiggsPt,1,40.0,60.0]
 having recognised option epsrel in runcard, with value : 0.00001
 having recognised option epsabs in runcard, with value : 0.1
 having recognised option nstart in runcard, with value : 30000
 having recognised option mineval in runcard, with value : 10000
 having recognised option nincrease in runcard, with value : 3000
 having recognised option maxeval in runcard, with value : 500000000
*************parsing the cut 

*************parsing the histogram 

 value = [HistogramHiggsPt,1,40.0,60.0]
 histogram name = HistogramHiggsPt
rest of string = 1,40.0,60.0]
values : 1 | 40.0 | 60.0 | 
 new histogram : HistogramHiggsPt : [40,60] with 1 bins.
------------------------ new Process

-----------------------------------------------------------------UI options:

Etot : 13000
m_higgs : 125
epsrel : 1e-05
epsabs : 0.1
muf_over_mhiggs : 0.4
mur_over_mhiggs : 0.4
number_of_flavours : 5
production : ggF
decay : 
pdf_provider : MSTW
sector_name : none
sector_for_production : 6
input_filename : /Users/lazopolis/my_code/ehixs/run/higgs.card
output_filename : /Users/lazopolis/my_code/ehixs/run/higgs_pt_40_60/S6.data
matrix_element_approximation : effective
Fleft : gluon
Fright : gluon
leptonic_decay_mode_in_wwzz : none
xml_info : none
qcd_perturbative_order : NLO
rr_treatment : split
verbose : 2
mineval : 10000
maxeval : 500000000
nstart : 30000
nincrease : 3000
perturbative_order : 2
alpha_s_power : -1
pole : 0
decay_sector : -1
alpha_ew_power : -1
sector_control : 0
requested_histogram : -1
requested_cut : -1
info : 0
histogram_info : 0
cut_info : 0
list_processes : 0
help : 0
show_me_list : 0
pdf_error : 0
ew_soft : 0
ew_h_plus_j : 0
only_ew_h_j : 0
dummy_process : 0
cut :  : 
histogram :  : [0,100] with 20 bins.
-----------------------------------------------------------------

 new histogram added : HistogramHiggsPt [40,60] with 2 bins!

[HistogramBox] : number of histograms requested = 1
Process initiated with production ggF

[Production] : setting up luminosity
Luminosity : setting up PDFHub
[PDFHub::PDFHub] Attempting init of 'MSTW' pdf at O(as^2) ,error='0'

[PDFHub] : initializing MSTW2008nnlo68cl

[PDFHub] : pdf_error is 0
: Success [1] sets!
[Production] : consolidating Model
[Production] : setting up scales and Etot
top quark evolution: msbar scheme : evolved from m(163.7)=163.7 -> m(50)=181.163

bottom quark evolution: msbar scheme : evolved from m(10)=3.63 -> m(50)=3.02579

W quark evolution: on-shell scheme, no evolution. 

Z quark evolution: on-shell scheme, no evolution. 

[model] gw, sw^2, cw: (0.653097,0) (0.222549,-0) (0.881732,0) 1.16637e-05
[model] mw = 80.403
[model] gw_up for W (0.426536,0)
[model] gw_up for Z (0.159827,0)
[GluonFusion] : setting up sectors

 hello before Parse

[GluonFusion] : finding sector

[GluonFusionSectorBox] : looking for necessary sectors

[GluonFusionSectorBox] : 8 sectors matched
===> dim_of_integration = 2
[CPDF::CPDF] interpolating pdf ('0,0, n_as = 0 n_eps = 0
: READING FROM FILE ../pdf_cache/MSTW2008nnlo68cl_0_0_0_0_0_50_50_5

[CPDF::CPDF] interpolating pdf ('0,0, n_as = 1 n_eps = 1
: READING FROM FILE ../pdf_cache/MSTW2008nnlo68cl_0_0_0_0_0_50_50_5

----------------------------------
	SECTOR "F_gluon_from_gluon_00(*)F_gluon_from_gluon_11(*)(c0^2 a^2)(*)(1)(*)(1)(*)S(gluon,gluon,B,a_s^0,a_w^0,e^1 ,dim=2) : a_s^3,a_w^0,e^0"
----------------------------------


a_s used = 0.128684	^3(a/Pi)^3 = 6.87272e-05
Setting production

[TheHatch] new Vegas variable requested. Number of Vegas variables now = 1

[TheHatch] new Vegas variable requested. Number of Vegas variables now = 2

==>dim_of_integration in Production::init_base = 2
==> in the_hatch : 2No decay specified

number_of_components = 1-------------------- Vegas  --------------------
Vegas input parameters:
  ndim 2
  ncomp 1
  epsrel 1e-05
  epsabs 0.1
  flags 2
  seed 0
  mineval 10000
  maxeval 500000000
  nstart 30000
  nincrease 3000
  nbatch 10
  gridno 0
  statefile "(null)"


<histogram> HistogramHiggsPt
#      bin     |     sigma    |  error   |    % error |    chi^2 /   dof   |  # of points 
#------------------------------------------------------------------------------------------
[   40,    60] |            0 |        0 |      nan % |          nan /   1 |      0 points
[  overflow  ] |            0 |        0 |      nan % |          nan /   1 |      0 points
total binned = 0
</histogram>

Iteration 1:  30000 integrand evaluations so far
[1] -0.148854 +- 0.00505461  	chisq 0 (0 df)
sigma = -0.1489
error = 0.005055 
prob = -999
total number of points = 29999

<histogram> HistogramHiggsPt
#      bin     |     sigma    |  error   |    % error |    chi^2 /   dof   |  # of points 
#------------------------------------------------------------------------------------------
[   40,    60] |            0 |        0 |      nan % |          nan /   2 |      0 points
[  overflow  ] |      -0.1489 |   0.0051 |    3.396 % |          nan /   1 |  30000 points
total binned = 0
</histogram>

 writing output at /Users/lazopolis/my_code/ehixs/run/higgs_pt_40_60/S6.data

output written in /Users/lazopolis/my_code/ehixs/run/higgs_pt_40_60/S6.data
Total running time  = 37.96 s
